<?xml version="1.0" encoding="UTF-8"?>
<testng-results ignored="0" total="1" passed="1" failed="0" skipped="0">
  <reporter-output>
  </reporter-output>
  <suite started-at="2023-09-20T15:58:12 IST" name="Surefire suite" finished-at="2023-09-20T15:58:12 IST" duration-ms="29">
    <groups>
    </groups>
    <test started-at="2023-09-20T15:58:12 IST" name="Surefire test" finished-at="2023-09-20T15:58:12 IST" duration-ms="29">
      <class name="com.maven.DA_1.AppTest">
        <test-method signature="testApp()[pri:0, instance:testApp(com.maven.DA_1.AppTest)]" started-at="2023-09-20T15:58:12 IST" name="testApp" finished-at="2023-09-20T15:58:12 IST" duration-ms="3" status="PASS">
          <reporter-output>
          </reporter-output>
        </test-method> <!-- testApp -->
      </class> <!-- com.maven.DA_1.AppTest -->
    </test> <!-- Surefire test -->
  </suite> <!-- Surefire suite -->
</testng-results>
