<?xml version="1.0" encoding="UTF-8"?>
<testng-results ignored="0" total="1" passed="1" failed="0" skipped="0">
  <reporter-output>
  </reporter-output>
  <suite started-at="2023-10-30T21:16:21 IST" name="Command line suite" finished-at="2023-10-30T21:16:21 IST" duration-ms="5">
    <groups>
    </groups>
    <test started-at="2023-10-30T21:16:21 IST" name="Command line test" finished-at="2023-10-30T21:16:21 IST" duration-ms="5">
      <class name="com.maven.DA_1.AppTest">
        <test-method signature="testApp()[pri:0, instance:testApp(com.maven.DA_1.AppTest)]" started-at="2023-10-30T21:16:21 IST" name="testApp" finished-at="2023-10-30T21:16:21 IST" duration-ms="0" status="PASS">
          <reporter-output>
          </reporter-output>
        </test-method> <!-- testApp -->
      </class> <!-- com.maven.DA_1.AppTest -->
    </test> <!-- Command line test -->
  </suite> <!-- Command line suite -->
</testng-results>
