<?xml version="1.0" encoding="UTF-8"?>
<testsuite xmlns:xsi="http://www.w3.org/2001/XMLSchema-instance" xsi:noNamespaceSchemaLocation="https://maven.apache.org/surefire/maven-surefire-plugin/xsd/surefire-test-report-3.0.xsd" version="3.0" name="TestSuite" time="2.215" tests="3" errors="0" skipped="0" failures="0">
  <properties>
[...]
</properties>
  <testcase name="testInvalidCredentials" classname="com.maven.DA_1.LoginValidatorTest" time="0.063">
    <system-out><![CDATA[[TEST CASE 2]: Testing with an incorrect username and password combination !!
]]></system-out>
    <system-err><![CDATA[SLF4J: Failed to load class "org.slf4j.impl.StaticLoggerBinder".
SLF4J: Defaulting to no-operation (NOP) logger implementation
SLF4J: See http://www.slf4j.org/codes.html#StaticLoggerBinder for further details.
]]></system-err>
  </testcase>
  <testcase name="testValidCredentials" classname="com.maven.DA_1.LoginValidatorTest" time="0.006">
    <system-out><![CDATA[[TEST CASE 1]: Testing with the correct username and password !!
]]></system-out>
  </testcase>
  <testcase name="testApp on testApp(com.maven.DA_1.AppTest)" classname="com.maven.DA_1.AppTest" time="0.55"/>
</testsuite>